[2026-03-30 17:10:54.343] [INFO] [SecondaryOrchestrator] Estado atualizado - Tasks: 3, Clock: 8
[2026-03-30 17:10:57.345] [INFO] [SecondaryOrchestrator] Estado atualizado - Tasks: 3, Clock: 8
[2026-03-30 17:11:00.342] [INFO] [SecondaryOrchestrator] Estado atualizado - Tasks: 3, Clock: 8
[2026-03-30 17:11:03.349] [INFO] [SecondaryOrchestrator] Estado atualizado - Tasks: 3, Clock: 8
[2026-03-30 17:11:06.348] [INFO] [SecondaryOrchestrator] Estado atualizado - Tasks: 3, Clock: 8
[2026-03-30 17:49:52.303] [INFO] [SecondaryOrchestrator] Iniciando Orquestrador Backup...
[2026-03-30 17:49:52.310] [INFO] [SecondaryOrchestrator] Backup rodando, aguardando sincronização...
[2026-03-30 17:49:53.360] [INFO] [SecondaryOrchestrator] Estado atualizado - Tasks: 0, Clock: 0
[2026-03-30 17:49:56.187] [INFO] [SecondaryOrchestrator] Estado atualizado - Tasks: 0, Clock: 0
[2026-03-30 17:49:59.197] [INFO] [SecondaryOrchestrator] Estado atualizado - Tasks: 0, Clock: 0
[2026-03-30 17:50:02.186] [INFO] [SecondaryOrchestrator] Estado atualizado - Tasks: 0, Clock: 0
[2026-03-30 17:50:05.186] [INFO] [SecondaryOrchestrator] Estado atualizado - Tasks: 0, Clock: 0
[2026-03-30 17:50:08.182] [INFO] [SecondaryOrchestrator] Estado atualizado - Tasks: 0, Clock: 0
[2026-03-30 17:50:11.182] [INFO] [SecondaryOrchestrator] Estado atualizado - Tasks: 0, Clock: 0
[2026-03-30 17:50:14.190] [INFO] [SecondaryOrchestrator] Estado atualizado - Tasks: 0, Clock: 0
[2026-03-30 17:50:17.191] [INFO] [SecondaryOrchestrator] Estado atualizado - Tasks: 0, Clock: 0
[2026-03-30 17:50:20.179] [INFO] [SecondaryOrchestrator] Estado atualizado - Tasks: 0, Clock: 0
[2026-03-30 17:50:23.179] [INFO] [SecondaryOrchestrator] Estado atualizado - Tasks: 0, Clock: 0
[2026-03-30 17:50:26.185] [INFO] [SecondaryOrchestrator] Estado atualizado - Tasks: 0, Clock: 0
[2026-03-30 17:50:29.187] [INFO] [SecondaryOrchestrator] Estado atualizado - Tasks: 0, Clock: 0
[2026-03-30 17:50:32.192] [INFO] [SecondaryOrchestrator] Estado atualizado - Tasks: 0, Clock: 0
[2026-03-30 17:50:35.184] [INFO] [SecondaryOrchestrator] Estado atualizado - Tasks: 0, Clock: 0
[2026-03-30 17:50:38.192] [INFO] [SecondaryOrchestrator] Estado atualizado - Tasks: 0, Clock: 0
[2026-03-30 17:50:41.179] [INFO] [SecondaryOrchestrator] Estado atualizado - Tasks: 0, Clock: 0
[2026-03-30 17:50:44.218] [INFO] [SecondaryOrchestrator] Estado atualizado - Tasks: 1, Clock: 2
[2026-03-30 17:50:47.184] [INFO] [SecondaryOrchestrator] Estado atualizado - Tasks: 1, Clock: 2
[2026-03-30 17:50:50.182] [INFO] [SecondaryOrchestrator] Estado atualizado - Tasks: 2, Clock: 4
[2026-03-30 17:50:53.186] [INFO] [SecondaryOrchestrator] Estado atualizado - Tasks: 2, Clock: 4
[2026-03-30 17:50:56.192] [INFO] [SecondaryOrchestrator] Estado atualizado - Tasks: 3, Clock: 6
[2026-03-30 17:50:59.187] [INFO] [SecondaryOrchestrator] Estado atualizado - Tasks: 3, Clock: 6
[2026-03-30 17:51:02.179] [INFO] [SecondaryOrchestrator] Estado atualizado - Tasks: 3, Clock: 6
[2026-03-30 17:51:05.179] [INFO] [SecondaryOrchestrator] Estado atualizado - Tasks: 3, Clock: 6
[2026-03-30 17:51:08.189] [INFO] [SecondaryOrchestrator] Estado atualizado - Tasks: 3, Clock: 6
[2026-03-30 17:51:11.189] [INFO] [SecondaryOrchestrator] Estado atualizado - Tasks: 3, Clock: 6
[2026-03-30 17:51:14.188] [INFO] [SecondaryOrchestrator] Estado atualizado - Tasks: 3, Clock: 6
[2026-03-30 17:51:17.191] [INFO] [SecondaryOrchestrator] Estado atualizado - Tasks: 3, Clock: 6
[2026-03-30 17:51:20.190] [INFO] [SecondaryOrchestrator] Estado atualizado - Tasks: 3, Clock: 6
[2026-03-30 17:51:23.189] [INFO] [SecondaryOrchestrator] Estado atualizado - Tasks: 3, Clock: 6
[2026-03-30 17:51:26.190] [INFO] [SecondaryOrchestrator] Estado atualizado - Tasks: 3, Clock: 6
[2026-03-30 17:51:29.190] [INFO] [SecondaryOrchestrator] Estado atualizado - Tasks: 3, Clock: 6
[2026-03-30 17:51:32.192] [INFO] [SecondaryOrchestrator] Estado atualizado - Tasks: 3, Clock: 6
[2026-03-30 17:51:35.187] [INFO] [SecondaryOrchestrator] Estado atualizado - Tasks: 3, Clock: 6
[2026-03-30 17:51:38.186] [INFO] [SecondaryOrchestrator] Estado atualizado - Tasks: 3, Clock: 6
[2026-03-30 17:51:41.189] [INFO] [SecondaryOrchestrator] Estado atualizado - Tasks: 3, Clock: 6
[2026-03-30 17:51:44.177] [INFO] [SecondaryOrchestrator] Estado atualizado - Tasks: 3, Clock: 6
[2026-03-30 17:51:47.179] [INFO] [SecondaryOrchestrator] Estado atualizado - Tasks: 3, Clock: 6
[2026-03-30 17:51:50.192] [INFO] [SecondaryOrchestrator] Estado atualizado - Tasks: 3, Clock: 6
[2026-03-30 17:51:53.180] [INFO] [SecondaryOrchestrator] Estado atualizado - Tasks: 3, Clock: 6
[2026-03-30 17:51:56.194] [INFO] [SecondaryOrchestrator] Estado atualizado - Tasks: 3, Clock: 6
[2026-03-30 17:51:59.183] [INFO] [SecondaryOrchestrator] Estado atualizado - Tasks: 3, Clock: 6
[2026-03-30 17:52:02.182] [INFO] [SecondaryOrchestrator] Estado atualizado - Tasks: 3, Clock: 6
[2026-03-30 17:52:05.181] [INFO] [SecondaryOrchestrator] Estado atualizado - Tasks: 3, Clock: 6
[2026-03-30 17:52:08.186] [INFO] [SecondaryOrchestrator] Estado atualizado - Tasks: 3, Clock: 6
[2026-03-30 17:52:11.184] [INFO] [SecondaryOrchestrator] Estado atualizado - Tasks: 3, Clock: 6
[2026-03-30 17:52:14.184] [INFO] [SecondaryOrchestrator] Estado atualizado - Tasks: 3, Clock: 6
[2026-03-30 17:52:17.179] [INFO] [SecondaryOrchestrator] Estado atualizado - Tasks: 3, Clock: 6
[2026-03-30 17:52:20.189] [INFO] [SecondaryOrchestrator] Estado atualizado - Tasks: 3, Clock: 6
[2026-03-30 17:52:23.182] [INFO] [SecondaryOrchestrator] Estado atualizado - Tasks: 3, Clock: 6
[2026-03-30 17:52:26.188] [INFO] [SecondaryOrchestrator] Estado atualizado - Tasks: 3, Clock: 6
[2026-03-30 17:52:29.183] [INFO] [SecondaryOrchestrator] Estado atualizado - Tasks: 3, Clock: 6
[2026-03-30 17:52:32.179] [INFO] [SecondaryOrchestrator] Estado atualizado - Tasks: 3, Clock: 6
[2026-03-30 17:52:35.190] [INFO] [SecondaryOrchestrator] Estado atualizado - Tasks: 3, Clock: 6
[2026-03-30 17:52:38.182] [INFO] [SecondaryOrchestrator] Estado atualizado - Tasks: 3, Clock: 6
[2026-03-30 17:52:41.185] [INFO] [SecondaryOrchestrator] Estado atualizado - Tasks: 3, Clock: 6
[2026-03-30 17:52:44.179] [INFO] [SecondaryOrchestrator] Estado atualizado - Tasks: 3, Clock: 6
[2026-03-30 17:52:47.184] [INFO] [SecondaryOrchestrator] Estado atualizado - Tasks: 3, Clock: 6
[2026-03-30 17:52:50.192] [INFO] [SecondaryOrchestrator] Estado atualizado - Tasks: 3, Clock: 6
[2026-03-30 17:52:53.189] [INFO] [SecondaryOrchestrator] Estado atualizado - Tasks: 3, Clock: 6
[2026-03-30 17:52:56.192] [INFO] [SecondaryOrchestrator] Estado atualizado - Tasks: 3, Clock: 6
[2026-03-30 17:52:59.178] [INFO] [SecondaryOrchestrator] Estado atualizado - Tasks: 3, Clock: 6
[2026-03-30 17:53:02.188] [INFO] [SecondaryOrchestrator] Estado atualizado - Tasks: 3, Clock: 6
[2026-03-30 17:53:05.183] [INFO] [SecondaryOrchestrator] Estado atualizado - Tasks: 3, Clock: 6
[2026-03-30 17:53:08.185] [INFO] [SecondaryOrchestrator] Estado atualizado - Tasks: 3, Clock: 6
[2026-03-30 17:53:11.189] [INFO] [SecondaryOrchestrator] Estado atualizado - Tasks: 3, Clock: 6
[2026-03-30 17:53:14.183] [INFO] [SecondaryOrchestrator] Estado atualizado - Tasks: 3, Clock: 6
[2026-03-30 17:53:17.181] [INFO] [SecondaryOrchestrator] Estado atualizado - Tasks: 3, Clock: 6
[2026-03-30 17:53:20.183] [INFO] [SecondaryOrchestrator] Estado atualizado - Tasks: 3, Clock: 6
[2026-03-30 17:53:23.191] [INFO] [SecondaryOrchestrator] Estado atualizado - Tasks: 3, Clock: 6
[2026-03-30 17:53:26.191] [INFO] [SecondaryOrchestrator] Estado atualizado - Tasks: 3, Clock: 6
[2026-03-30 17:53:29.181] [INFO] [SecondaryOrchestrator] Estado atualizado - Tasks: 3, Clock: 6
[2026-03-30 17:53:32.182] [INFO] [SecondaryOrchestrator] Estado atualizado - Tasks: 3, Clock: 6
[2026-03-30 17:53:35.188] [INFO] [SecondaryOrchestrator] Estado atualizado - Tasks: 3, Clock: 6
[2026-03-30 17:53:38.182] [INFO] [SecondaryOrchestrator] Estado atualizado - Tasks: 3, Clock: 6
[2026-03-30 17:53:41.183] [INFO] [SecondaryOrchestrator] Estado atualizado - Tasks: 3, Clock: 6
[2026-03-30 17:53:44.187] [INFO] [SecondaryOrchestrator] Estado atualizado - Tasks: 3, Clock: 6
[2026-03-30 17:53:47.184] [INFO] [SecondaryOrchestrator] Estado atualizado - Tasks: 3, Clock: 6
[2026-03-30 17:53:50.184] [INFO] [SecondaryOrchestrator] Estado atualizado - Tasks: 3, Clock: 6
[2026-03-30 17:53:53.178] [INFO] [SecondaryOrchestrator] Estado atualizado - Tasks: 3, Clock: 6
[2026-03-30 17:53:56.187] [INFO] [SecondaryOrchestrator] Estado atualizado - Tasks: 3, Clock: 6
[2026-03-30 17:53:59.191] [INFO] [SecondaryOrchestrator] Estado atualizado - Tasks: 3, Clock: 6
[2026-03-30 17:54:02.181] [INFO] [SecondaryOrchestrator] Estado atualizado - Tasks: 3, Clock: 6
[2026-03-30 17:54:05.189] [INFO] [SecondaryOrchestrator] Estado atualizado - Tasks: 3, Clock: 6
[2026-03-30 17:54:08.194] [INFO] [SecondaryOrchestrator] Estado atualizado - Tasks: 3, Clock: 6
[2026-03-30 17:54:11.188] [INFO] [SecondaryOrchestrator] Estado atualizado - Tasks: 3, Clock: 6
[2026-03-30 17:54:14.192] [INFO] [SecondaryOrchestrator] Estado atualizado - Tasks: 3, Clock: 6
[2026-03-30 17:54:17.191] [INFO] [SecondaryOrchestrator] Estado atualizado - Tasks: 3, Clock: 6
[2026-03-30 17:54:20.190] [INFO] [SecondaryOrchestrator] Estado atualizado - Tasks: 3, Clock: 7
[2026-03-30 17:54:23.183] [INFO] [SecondaryOrchestrator] Estado atualizado - Tasks: 3, Clock: 7
[2026-03-30 17:54:26.191] [INFO] [SecondaryOrchestrator] Estado atualizado - Tasks: 3, Clock: 7
[2026-03-30 17:54:29.192] [INFO] [SecondaryOrchestrator] Estado atualizado - Tasks: 3, Clock: 7
[2026-03-30 17:54:32.191] [INFO] [SecondaryOrchestrator] Estado atualizado - Tasks: 3, Clock: 7
[2026-03-30 17:54:35.191] [INFO] [SecondaryOrchestrator] Estado atualizado - Tasks: 3, Clock: 7
[2026-03-30 17:54:38.191] [INFO] [SecondaryOrchestrator] Estado atualizado - Tasks: 3, Clock: 7
[2026-03-30 17:54:41.179] [INFO] [SecondaryOrchestrator] Estado atualizado - Tasks: 3, Clock: 7
[2026-03-30 17:54:44.179] [INFO] [SecondaryOrchestrator] Estado atualizado - Tasks: 3, Clock: 7
[2026-03-30 17:54:47.187] [INFO] [SecondaryOrchestrator] Estado atualizado - Tasks: 3, Clock: 7
[2026-03-30 17:54:50.183] [INFO] [SecondaryOrchestrator] Estado atualizado - Tasks: 3, Clock: 7
[2026-03-30 17:54:53.179] [INFO] [SecondaryOrchestrator] Estado atualizado - Tasks: 3, Clock: 7
[2026-03-30 17:54:56.187] [INFO] [SecondaryOrchestrator] Estado atualizado - Tasks: 3, Clock: 7
[2026-03-30 17:54:59.191] [INFO] [SecondaryOrchestrator] Estado atualizado - Tasks: 3, Clock: 7
[2026-03-30 17:55:02.187] [INFO] [SecondaryOrchestrator] Estado atualizado - Tasks: 3, Clock: 7
[2026-03-30 17:55:05.179] [INFO] [SecondaryOrchestrator] Estado atualizado - Tasks: 3, Clock: 7
[2026-03-30 17:55:08.185] [INFO] [SecondaryOrchestrator] Estado atualizado - Tasks: 3, Clock: 7
[2026-03-30 17:55:11.191] [INFO] [SecondaryOrchestrator] Estado atualizado - Tasks: 3, Clock: 7
[2026-03-30 17:55:14.189] [INFO] [SecondaryOrchestrator] Estado atualizado - Tasks: 3, Clock: 7
[2026-03-30 17:55:17.186] [INFO] [SecondaryOrchestrator] Estado atualizado - Tasks: 3, Clock: 7
[2026-03-30 17:55:20.179] [INFO] [SecondaryOrchestrator] Estado atualizado - Tasks: 3, Clock: 7
[2026-03-30 17:55:23.179] [INFO] [SecondaryOrchestrator] Estado atualizado - Tasks: 3, Clock: 7
[2026-03-30 17:55:26.192] [INFO] [SecondaryOrchestrator] Estado atualizado - Tasks: 3, Clock: 7
[2026-03-30 17:55:29.177] [INFO] [SecondaryOrchestrator] Estado atualizado - Tasks: 3, Clock: 7
[2026-03-30 17:55:32.183] [INFO] [SecondaryOrchestrator] Estado atualizado - Tasks: 3, Clock: 7
[2026-03-30 17:55:35.178] [INFO] [SecondaryOrchestrator] Estado atualizado - Tasks: 3, Clock: 7
[2026-03-30 17:55:46.318] [WARN] [SecondaryOrchestrator] Primário falhou! Iniciando failover...
[2026-03-30 17:55:46.318] [INFO] [SecondaryOrchestrator] ===== ASSUMINDO COMO ORQUESTRADOR PRINCIPAL =====
[2026-03-30 17:55:46.321] [INFO] [SecondaryOrchestrator] Servidor de clientes iniciado na porta 8081
[2026-03-30 17:55:46.321] [INFO] [SecondaryOrchestrator] Servidor de workers iniciado na porta 8080
[2026-03-30 18:03:58.869] [INFO] [SecondaryOrchestrator] Iniciando Orquestrador Backup...
[2026-03-30 18:03:58.877] [INFO] [SecondaryOrchestrator] Backup rodando, aguardando sincronização...
[2026-03-30 18:04:08.878] [WARN] [SecondaryOrchestrator] Primário falhou! Iniciando failover...
[2026-03-30 18:04:08.879] [INFO] [SecondaryOrchestrator] ===== ASSUMINDO COMO ORQUESTRADOR PRINCIPAL =====
[2026-03-30 18:04:08.883] [ERROR] [SecondaryOrchestrator] Erro no servidor de workers: Address already in use: bind
[2026-03-30 18:04:08.883] [ERROR] [SecondaryOrchestrator] Erro no servidor de clientes: Address already in use: bind
